# JRE version: Java(TM) SE Runtime Environment (17.0.6+9) (build 17.0.6+9-LTS-190)
# Java VM: Java HotSpot(TM) 64-Bit Server VM (17.0.6+9-LTS-190, mixed mode, tiered, compressed oops, compressed class ptrs, g1 gc, windows-amd64)
GC Precious Log:
 CPUs: 8 total, 8 available
 Memory: 8101M
 Large Page Support: Disabled
 NUMA Support: Disabled
 Compressed Oops: Enabled (32-bit)
 Heap Region Size: 1M
 Heap Min Capacity: 8M
 Heap Initial Capacity: 128M
 Heap Max Capacity: 2026M
 Pre-touch: Disabled
 Parallel Workers: 8
 Concurrent Workers: 2
 Concurrent Refinement Workers: 8
 Periodic GC: Disabled
Heap:
 garbage-first heap   total 265216K, used 98789K [0x0000000081600000, 0x0000000100000000)
  region size 1024K, 6 young (6144K), 5 survivors (5120K)
 Metaspace       used 48383K, committed 48640K, reserved 1097728K
  class space    used 6001K, committed 6144K, reserved 1048576K
GC Heap History (20 events):
Event: 27.572 GC heap before
{Heap before GC invocations=18 (full 0):
 garbage-first heap   total 81920K, used 47443K [0x0000000081600000, 0x0000000100000000)
  region size 1024K, 5 young (5120K), 3 survivors (3072K)
 Metaspace       used 48349K, committed 48640K, reserved 1097728K
  class space    used 6000K, committed 6144K, reserved 1048576K
}
Event: 27.575 GC heap after
{Heap after GC invocations=19 (full 0):
 garbage-first heap   total 81920K, used 32407K [0x0000000081600000, 0x0000000100000000)
  region size 1024K, 1 young (1024K), 1 survivors (1024K)
 Metaspace       used 48349K, committed 48640K, reserved 1097728K
  class space    used 6000K, committed 6144K, reserved 1048576K
}
Event: 27.577 GC heap before
{Heap before GC invocations=19 (full 0):
 garbage-first heap   total 81920K, used 35479K [0x0000000081600000, 0x0000000100000000)
  region size 1024K, 1 young (1024K), 1 survivors (1024K)
 Metaspace       used 48350K, committed 48640K, reserved 1097728K
  class space    used 6000K, committed 6144K, reserved 1048576K
}
Event: 27.578 GC heap after
{Heap after GC invocations=20 (full 0):
 garbage-first heap   total 81920K, used 34173K [0x0000000081600000, 0x0000000100000000)
  region size 1024K, 1 young (1024K), 1 survivors (1024K)
 Metaspace       used 48350K, committed 48640K, reserved 1097728K
  class space    used 6000K, committed 6144K, reserved 1048576K
}
Event: 27.582 GC heap before
{Heap before GC invocations=20 (full 0):
 garbage-first heap   total 81920K, used 37245K [0x0000000081600000, 0x0000000100000000)
  region size 1024K, 1 young (1024K), 1 survivors (1024K)
 Metaspace       used 48350K, committed 48640K, reserved 1097728K
  class space    used 6000K, committed 6144K, reserved 1048576K
}
Event: 27.583 GC heap after
{Heap after GC invocations=21 (full 0):
 garbage-first heap   total 81920K, used 35184K [0x0000000081600000, 0x0000000100000000)
  region size 1024K, 1 young (1024K), 1 survivors (1024K)
 Metaspace       used 48350K, committed 48640K, reserved 1097728K
  class space    used 6000K, committed 6144K, reserved 1048576K
}
Event: 27.585 GC heap before
{Heap before GC invocations=21 (full 0):
 garbage-first heap   total 81920K, used 40304K [0x0000000081600000, 0x0000000100000000)
  region size 1024K, 1 young (1024K), 1 survivors (1024K)
 Metaspace       used 48350K, committed 48640K, reserved 1097728K
  class space    used 6000K, committed 6144K, reserved 1048576K
}
Event: 27.586 GC heap after
{Heap after GC invocations=22 (full 0):
 garbage-first heap   total 98304K, used 37224K [0x0000000081600000, 0x0000000100000000)
  region size 1024K, 1 young (1024K), 1 survivors (1024K)
 Metaspace       used 48350K, committed 48640K, reserved 1097728K
  class space    used 6000K, committed 6144K, reserved 1048576K
}
Event: 27.590 GC heap before
{Heap before GC invocations=22 (full 0):
 garbage-first heap   total 98304K, used 41320K [0x0000000081600000, 0x0000000100000000)
  region size 1024K, 2 young (2048K), 1 survivors (1024K)
 Metaspace       used 48350K, committed 48640K, reserved 1097728K
  class space    used 6000K, committed 6144K, reserved 1048576K
}
Event: 27.592 GC heap after
{Heap after GC invocations=23 (full 0):
 garbage-first heap   total 98304K, used 36192K [0x0000000081600000, 0x0000000100000000)
  region size 1024K, 1 young (1024K), 1 survivors (1024K)
 Metaspace       used 48350K, committed 48640K, reserved 1097728K
  class space    used 6000K, committed 6144K, reserved 1048576K
}
Event: 27.594 GC heap before
{Heap before GC invocations=23 (full 0):
 garbage-first heap   total 98304K, used 40288K [0x0000000081600000, 0x0000000100000000)
  region size 1024K, 1 young (1024K), 1 survivors (1024K)
 Metaspace       used 48350K, committed 48640K, reserved 1097728K
  class space    used 6000K, committed 6144K, reserved 1048576K
}
Event: 27.595 GC heap after
{Heap after GC invocations=24 (full 0):
 garbage-first heap   total 98304K, used 40288K [0x0000000081600000, 0x0000000100000000)
  region size 1024K, 1 young (1024K), 1 survivors (1024K)
 Metaspace       used 48350K, committed 48640K, reserved 1097728K
  class space    used 6000K, committed 6144K, reserved 1048576K
}
Event: 27.612 GC heap before
{Heap before GC invocations=24 (full 0):
 garbage-first heap   total 98304K, used 47456K [0x0000000081600000, 0x0000000100000000)
  region size 1024K, 1 young (1024K), 1 survivors (1024K)
 Metaspace       used 48350K, committed 48640K, reserved 1097728K
  class space    used 6000K, committed 6144K, reserved 1048576K
}
Event: 27.614 GC heap after
{Heap after GC invocations=25 (full 0):
 garbage-first heap   total 98304K, used 39264K [0x0000000081600000, 0x0000000100000000)
  region size 1024K, 1 young (1024K), 1 survivors (1024K)
 Metaspace       used 48350K, committed 48640K, reserved 1097728K
  class space    used 6000K, committed 6144K, reserved 1048576K
}
Event: 27.617 GC heap before
{Heap before GC invocations=25 (full 0):
 garbage-first heap   total 98304K, used 46432K [0x0000000081600000, 0x0000000100000000)
  region size 1024K, 2 young (2048K), 1 survivors (1024K)
 Metaspace       used 48350K, committed 48640K, reserved 1097728K
  class space    used 6000K, committed 6144K, reserved 1048576K
}
Event: 27.621 GC heap after
{Heap after GC invocations=26 (full 0):
 garbage-first heap   total 265216K, used 39264K [0x0000000081600000, 0x0000000100000000)
  region size 1024K, 1 young (1024K), 1 survivors (1024K)
 Metaspace       used 48350K, committed 48640K, reserved 1097728K
  class space    used 6000K, committed 6144K, reserved 1048576K
}
Event: 27.852 GC heap before
{Heap before GC invocations=26 (full 0):
 garbage-first heap   total 265216K, used 114016K [0x0000000081600000, 0x0000000100000000)
  region size 1024K, 2 young (2048K), 1 survivors (1024K)
 Metaspace       used 48352K, committed 48640K, reserved 1097728K
  class space    used 6000K, committed 6144K, reserved 1048576K
}
Event: 27.852 GC heap after
{Heap after GC invocations=27 (full 0):
 garbage-first heap   total 265216K, used 48486K [0x0000000081600000, 0x0000000100000000)
  region size 1024K, 1 young (1024K), 1 survivors (1024K)
 Metaspace       used 48352K, committed 48640K, reserved 1097728K
  class space    used 6000K, committed 6144K, reserved 1048576K
}
Event: 28.333 GC heap before
{Heap before GC invocations=27 (full 0):
 garbage-first heap   total 265216K, used 139622K [0x0000000081600000, 0x0000000100000000)
  region size 1024K, 23 young (23552K), 1 survivors (1024K)
 Metaspace       used 48376K, committed 48640K, reserved 1097728K
  class space    used 6000K, committed 6144K, reserved 1048576K
}
Event: 28.335 GC heap after
{Heap after GC invocations=28 (full 0):
 garbage-first heap   total 265216K, used 83429K [0x0000000081600000, 0x0000000100000000)
  region size 1024K, 5 young (5120K), 5 survivors (5120K)
 Metaspace       used 48376K, committed 48640K, reserved 1097728K
  class space    used 6000K, committed 6144K, reserved 1048576K
}

